<?xml version="1.0" encoding="UTF-8"?>
<!-- Generated by org.testng.reporters.JUnitXMLReporter -->
<testsuite hostname="Ahmets-MacBook-Pro-2.local" ignored="0" name="Default test" tests="3" failures="0" timestamp="05 Aug 2018 02:29:25 GMT" time="49.423" errors="0">
  <testcase name="SPA1099" time="19.79" classname="com.myfitnesspal.tests.MyHomePageTests"/>
  <testcase name="SPA1100" time="8.906" classname="com.myfitnesspal.tests.MyHomePageTests"/>
  <testcase name="SPA1112" time="12.48" classname="com.myfitnesspal.tests.MyHomePageTests"/>
</testsuite> <!-- Default test -->
