<?xml version="1.0" encoding="UTF-8"?>
<testng-results skipped="0" failed="0" ignored="0" total="3" passed="3">
  <reporter-output>
  </reporter-output>
  <suite name="Default suite" duration-ms="49423" started-at="2018-08-05T02:28:35Z" finished-at="2018-08-05T02:29:25Z">
    <groups>
    </groups>
    <test name="Default test" duration-ms="49423" started-at="2018-08-05T02:28:35Z" finished-at="2018-08-05T02:29:25Z">
      <class name="com.myfitnesspal.tests.MyHomePageTests">
        <test-method status="PASS" signature="setUpTest()[pri:0, instance:com.myfitnesspal.tests.MyHomePageTests@3f07b12c]" name="setUpTest" is-config="true" duration-ms="97" started-at="2018-08-05T02:28:35Z" finished-at="2018-08-05T02:28:35Z">
          <reporter-output>
          </reporter-output>
        </test-method> <!-- setUpTest -->
        <test-method status="PASS" signature="setUp()[pri:0, instance:com.myfitnesspal.tests.MyHomePageTests@3f07b12c]" name="setUp" is-config="true" duration-ms="6123" started-at="2018-08-05T02:28:35Z" finished-at="2018-08-05T02:28:42Z">
          <reporter-output>
          </reporter-output>
        </test-method> <!-- setUp -->
        <test-method status="PASS" signature="SPA1099()[pri:0, instance:com.myfitnesspal.tests.MyHomePageTests@3f07b12c]" name="SPA1099" duration-ms="19790" started-at="2018-08-05T02:28:42Z" finished-at="2018-08-05T02:29:01Z">
          <reporter-output>
          </reporter-output>
        </test-method> <!-- SPA1099 -->
        <test-method status="PASS" signature="tearDown(org.testng.ITestResult)[pri:0, instance:com.myfitnesspal.tests.MyHomePageTests@3f07b12c]" name="tearDown" is-config="true" duration-ms="2" started-at="2018-08-05T02:29:01Z" finished-at="2018-08-05T02:29:01Z">
          <params>
            <param index="0">
              <value>
                <![CDATA[[TestResult name=SPA1099 status=SUCCESS method=MyHomePageTests.SPA1099()[pri:0, instance:com.myfitnesspal.tests.MyHomePageTests@3f07b12c] output={null}]]]>
              </value>
            </param>
          </params>
          <reporter-output>
          </reporter-output>
        </test-method> <!-- tearDown -->
        <test-method status="PASS" signature="setUp()[pri:0, instance:com.myfitnesspal.tests.MyHomePageTests@3f07b12c]" name="setUp" is-config="true" duration-ms="970" started-at="2018-08-05T02:29:01Z" finished-at="2018-08-05T02:29:02Z">
          <reporter-output>
          </reporter-output>
        </test-method> <!-- setUp -->
        <test-method status="PASS" signature="SPA1100()[pri:0, instance:com.myfitnesspal.tests.MyHomePageTests@3f07b12c]" name="SPA1100" duration-ms="8906" started-at="2018-08-05T02:29:02Z" finished-at="2018-08-05T02:29:11Z">
          <reporter-output>
          </reporter-output>
        </test-method> <!-- SPA1100 -->
        <test-method status="PASS" signature="tearDown(org.testng.ITestResult)[pri:0, instance:com.myfitnesspal.tests.MyHomePageTests@3f07b12c]" name="tearDown" is-config="true" duration-ms="0" started-at="2018-08-05T02:29:11Z" finished-at="2018-08-05T02:29:11Z">
          <params>
            <param index="0">
              <value>
                <![CDATA[[TestResult name=SPA1100 status=SUCCESS method=MyHomePageTests.SPA1100()[pri:0, instance:com.myfitnesspal.tests.MyHomePageTests@3f07b12c] output={null}]]]>
              </value>
            </param>
          </params>
          <reporter-output>
          </reporter-output>
        </test-method> <!-- tearDown -->
        <test-method status="PASS" signature="setUp()[pri:0, instance:com.myfitnesspal.tests.MyHomePageTests@3f07b12c]" name="setUp" is-config="true" duration-ms="771" started-at="2018-08-05T02:29:11Z" finished-at="2018-08-05T02:29:12Z">
          <reporter-output>
          </reporter-output>
        </test-method> <!-- setUp -->
        <test-method status="PASS" signature="SPA1112()[pri:0, instance:com.myfitnesspal.tests.MyHomePageTests@3f07b12c]" name="SPA1112" duration-ms="12480" started-at="2018-08-05T02:29:12Z" finished-at="2018-08-05T02:29:25Z">
          <reporter-output>
          </reporter-output>
        </test-method> <!-- SPA1112 -->
        <test-method status="PASS" signature="tearDown(org.testng.ITestResult)[pri:0, instance:com.myfitnesspal.tests.MyHomePageTests@3f07b12c]" name="tearDown" is-config="true" duration-ms="0" started-at="2018-08-05T02:29:25Z" finished-at="2018-08-05T02:29:25Z">
          <params>
            <param index="0">
              <value>
                <![CDATA[[TestResult name=SPA1112 status=SUCCESS method=MyHomePageTests.SPA1112()[pri:0, instance:com.myfitnesspal.tests.MyHomePageTests@3f07b12c] output={null}]]]>
              </value>
            </param>
          </params>
          <reporter-output>
          </reporter-output>
        </test-method> <!-- tearDown -->
        <test-method status="PASS" signature="tearDownTest()[pri:0, instance:com.myfitnesspal.tests.MyHomePageTests@3f07b12c]" name="tearDownTest" is-config="true" duration-ms="261" started-at="2018-08-05T02:29:25Z" finished-at="2018-08-05T02:29:25Z">
          <reporter-output>
          </reporter-output>
        </test-method> <!-- tearDownTest -->
      </class> <!-- com.myfitnesspal.tests.MyHomePageTests -->
    </test> <!-- Default test -->
  </suite> <!-- Default suite -->
</testng-results>
